<component name="libraryTable">
  <library name="junit-jupiter-api-5.6.2_d6a3e5c4">
    <CLASSES>
      <root url="jar://$PROJECT_DIR$/.blaze/libraries/junit-jupiter-api-5.6.2_f629425.jar!/" />
    </CLASSES>
    <JAVADOC />
    <SOURCES />
  </library>
</component>