<component name="libraryTable">
  <library name="junit-jupiter-params-5.6.2_20a373c0">
    <CLASSES>
      <root url="jar://$PROJECT_DIR$/.blaze/libraries/junit-jupiter-params-5.6.2_cfc56e89.jar!/" />
    </CLASSES>
    <JAVADOC />
    <SOURCES />
  </library>
</component>