<component name="libraryTable">
  <library name="junit-jupiter-params-5.6.2_20a373c0">
    <CLASSES>
      <root url="jar://$USER_HOME$/.cache/bazel/_bazel_mihaibojin/888e41645913f9a0dedc2b7d23dddd22/external/maven/v1/https/repo1.maven.org/maven2/org/junit/jupiter/junit-jupiter-params/5.6.2/junit-jupiter-params-5.6.2.jar!/" />
    </CLASSES>
    <JAVADOC />
    <SOURCES />
  </library>
</component>