<component name="libraryTable">
  <library name="junit-jupiter-engine-5.6.2_1e3f77c">
    <CLASSES>
      <root url="jar://$PROJECT_DIR$/.blaze/libraries/junit-jupiter-engine-5.6.2_fc43b909.jar!/" />
    </CLASSES>
    <JAVADOC />
    <SOURCES />
  </library>
</component>